<?xml version="1.0" encoding="utf-8"?><testsuites name="pytest tests"><testsuite name="pytest" errors="0" failures="0" skipped="0" tests="11" time="30.599" timestamp="2026-06-20T11:39:28.277685+00:00" hostname="agent-env-9ebc6851-8bb0-466a-a79f-b132417e1f21"><testcase classname="backend.tests.test_phase2" name="test_ai_translate_word" time="8.051" /><testcase classname="backend.tests.test_phase2" name="test_ai_example_word" time="4.503" /><testcase classname="backend.tests.test_phase2" name="test_ai_analyze_word" time="15.764" /><testcase classname="backend.tests.test_phase2" name="test_ai_invalid_type" time="0.137" /><testcase classname="backend.tests.test_phase2" name="test_ai_missing_chinese" time="0.125" /><testcase classname="backend.tests.test_phase2" name="test_ai_empty_chinese" time="0.102" /><testcase classname="backend.tests.test_phase2" name="test_progress_record_requires_auth" time="0.102" /><testcase classname="backend.tests.test_phase2" name="test_progress_get_requires_auth" time="0.128" /><testcase classname="backend.tests.test_phase2" name="test_progress_record_and_get" time="0.512" /><testcase classname="backend.tests.test_phase2" name="test_progress_same_day_accumulates" time="0.426" /><testcase classname="backend.tests.test_phase2" name="test_progress_item_accumulate" time="0.476" /></testsuite></testsuites>