<?xml version="1.0" encoding="utf-8"?><testsuites name="pytest tests"><testsuite name="pytest" errors="0" failures="0" skipped="0" tests="11" time="29.194" timestamp="2026-06-20T12:13:57.862584+00:00" hostname="agent-env-9ebc6851-8bb0-466a-a79f-b132417e1f21"><testcase classname="backend.tests.test_phase3" name="test_grammar_defaults_anonymous" time="0.289" /><testcase classname="backend.tests.test_phase3" name="test_grammar_create_requires_auth" time="0.125" /><testcase classname="backend.tests.test_phase3" name="test_grammar_delete_requires_auth" time="0.129" /><testcase classname="backend.tests.test_phase3" name="test_grammar_create_get_delete" time="0.611" /><testcase classname="backend.tests.test_phase3" name="test_chat_anonymous_session_created" time="11.523" /><testcase classname="backend.tests.test_phase3" name="test_chat_session_continues_and_history" time="15.281" /><testcase classname="backend.tests.test_phase3" name="test_srs_review_requires_auth" time="0.133" /><testcase classname="backend.tests.test_phase3" name="test_srs_due_requires_auth" time="0.098" /><testcase classname="backend.tests.test_phase3" name="test_srs_sm2_progression" time="0.230" /><testcase classname="backend.tests.test_phase3" name="test_srs_quality_zero_resets" time="0.303" /><testcase classname="backend.tests.test_phase3" name="test_srs_due_excludes_future" time="0.198" /></testsuite></testsuites>