<?xml version="1.0" encoding="utf-8"?><testsuites name="pytest tests"><testsuite name="pytest" errors="0" failures="0" skipped="0" tests="13" time="3.036" timestamp="2026-06-20T11:10:58.455609+00:00" hostname="agent-env-9ebc6851-8bb0-466a-a79f-b132417e1f21"><testcase classname="backend.tests.backend_test" name="test_root" time="0.277" /><testcase classname="backend.tests.backend_test" name="test_auth_me_with_token" time="0.130" /><testcase classname="backend.tests.backend_test" name="test_auth_me_without_token" time="0.132" /><testcase classname="backend.tests.backend_test" name="test_capacity_new_user" time="0.137" /><testcase classname="backend.tests.backend_test" name="test_unlock_slot_4" time="0.154" /><testcase classname="backend.tests.backend_test" name="test_unlock_invalid_indices" time="0.348" /><testcase classname="backend.tests.backend_test" name="test_slot_crud" time="0.566" /><testcase classname="backend.tests.backend_test" name="test_slot_create_limit_403" time="0.434" /><testcase classname="backend.tests.backend_test" name="test_export_slots" time="0.202" /><testcase classname="backend.tests.backend_test" name="test_import_insufficient" time="0.116" /><testcase classname="backend.tests.backend_test" name="test_import_force" time="0.110" /><testcase classname="backend.tests.backend_test" name="test_import_sentence_kind" time="0.110" /><testcase classname="backend.tests.backend_test" name="test_import_invalid_kind" time="0.117" /></testsuite></testsuites>